{"/Users/floradavies/Projects/gameSeries/vendingMachine/src/vendingMachine.js": {"path":"/Users/floradavies/Projects/gameSeries/vendingMachine/src/vendingMachine.js","statementMap":{"0":{"start":{"line":10,"column":4},"end":{"line":10,"column":23}},"1":{"start":{"line":14,"column":15},"end":{"line":16,"column":6}},"2":{"start":{"line":15,"column":6},"end":{"line":15,"column":32}},"3":{"start":{"line":17,"column":4},"end":{"line":17,"column":16}},"4":{"start":{"line":21,"column":17},"end":{"line":21,"column":47}},"5":{"start":{"line":22,"column":4},"end":{"line":22,"column":18}},"6":{"start":{"line":26,"column":23},"end":{"line":26,"column":46}},"7":{"start":{"line":29,"column":4},"end":{"line":31,"column":5}},"8":{"start":{"line":30,"column":6},"end":{"line":30,"column":33}},"9":{"start":{"line":33,"column":4},"end":{"line":35,"column":5}},"10":{"start":{"line":34,"column":6},"end":{"line":34,"column":51}},"11":{"start":{"line":38,"column":4},"end":{"line":38,"column":28}},"12":{"start":{"line":40,"column":17},"end":{"line":40,"column":64}},"13":{"start":{"line":42,"column":4},"end":{"line":46,"column":5}},"14":{"start":{"line":43,"column":6},"end":{"line":43,"column":66}},"15":{"start":{"line":45,"column":6},"end":{"line":45,"column":44}},"16":{"start":{"line":50,"column":0},"end":{"line":50,"column":32}}},"fnMap":{"0":{"name":"(anonymous_0)","decl":{"start":{"line":2,"column":2},"end":{"line":2,"column":3}},"loc":{"start":{"line":9,"column":4},"end":{"line":11,"column":3}},"line":9},"1":{"name":"(anonymous_1)","decl":{"start":{"line":13,"column":2},"end":{"line":13,"column":3}},"loc":{"start":{"line":13,"column":17},"end":{"line":18,"column":3}},"line":13},"2":{"name":"(anonymous_2)","decl":{"start":{"line":14,"column":31},"end":{"line":14,"column":32}},"loc":{"start":{"line":14,"column":41},"end":{"line":16,"column":5}},"line":14},"3":{"name":"(anonymous_3)","decl":{"start":{"line":20,"column":2},"end":{"line":20,"column":3}},"loc":{"start":{"line":20,"column":36},"end":{"line":23,"column":3}},"line":20},"4":{"name":"(anonymous_4)","decl":{"start":{"line":25,"column":2},"end":{"line":25,"column":3}},"loc":{"start":{"line":25,"column":24},"end":{"line":47,"column":3}},"line":25}},"branchMap":{"0":{"loc":{"start":{"line":3,"column":4},"end":{"line":8,"column":5}},"type":"default-arg","locations":[{"start":{"line":3,"column":12},"end":{"line":8,"column":5}}],"line":3},"1":{"loc":{"start":{"line":29,"column":4},"end":{"line":31,"column":5}},"type":"if","locations":[{"start":{"line":29,"column":4},"end":{"line":31,"column":5}},{"start":{"line":29,"column":4},"end":{"line":31,"column":5}}],"line":29},"2":{"loc":{"start":{"line":33,"column":4},"end":{"line":35,"column":5}},"type":"if","locations":[{"start":{"line":33,"column":4},"end":{"line":35,"column":5}},{"start":{"line":33,"column":4},"end":{"line":35,"column":5}}],"line":33},"3":{"loc":{"start":{"line":42,"column":4},"end":{"line":46,"column":5}},"type":"if","locations":[{"start":{"line":42,"column":4},"end":{"line":46,"column":5}},{"start":{"line":42,"column":4},"end":{"line":46,"column":5}}],"line":42}},"s":{"0":5,"1":6,"2":10,"3":6,"4":4,"5":4,"6":6,"7":6,"8":1,"9":5,"10":1,"11":4,"12":4,"13":4,"14":1,"15":3,"16":1},"f":{"0":5,"1":6,"2":10,"3":4,"4":6},"b":{"0":[5],"1":[1,5],"2":[1,4],"3":[1,3]},"_coverageSchema":"1a1c01bbd47fc00a2c39e90264f33305004495a9","hash":"8b374bbb0d6a5b9df76d78690d0fbc062a73b242"}
}
