TN:
SF:src/vendingMachine.js
FN:2,(anonymous_0)
FN:15,(anonymous_1)
FN:16,(anonymous_2)
FN:22,(anonymous_3)
FN:27,(anonymous_4)
FNF:5
FNH:5
FNDA:6,(anonymous_0)
FNDA:7,(anonymous_1)
FNDA:14,(anonymous_2)
FNDA:4,(anonymous_3)
FNDA:7,(anonymous_4)
DA:11,6
DA:12,6
DA:16,7
DA:17,14
DA:19,7
DA:23,4
DA:24,4
DA:28,7
DA:31,7
DA:32,1
DA:38,6
DA:39,1
DA:42,5
DA:43,1
DA:47,4
DA:48,4
DA:50,4
DA:52,4
DA:53,1
DA:55,3
DA:60,1
LF:21
LH:21
BRDA:3,0,0,6
BRDA:9,1,0,6
BRDA:31,2,0,1
BRDA:31,2,1,6
BRDA:38,3,0,1
BRDA:38,3,1,5
BRDA:42,4,0,1
BRDA:42,4,1,4
BRDA:52,5,0,1
BRDA:52,5,1,3
BRF:10
BRH:10
end_of_record
