TN:
SF:src/vendingMachine.js
FN:2,(anonymous_0)
FN:13,(anonymous_1)
FN:14,(anonymous_2)
FN:20,(anonymous_3)
FN:25,(anonymous_4)
FNF:5
FNH:5
FNDA:5,(anonymous_0)
FNDA:6,(anonymous_1)
FNDA:10,(anonymous_2)
FNDA:4,(anonymous_3)
FNDA:6,(anonymous_4)
DA:10,5
DA:14,6
DA:15,10
DA:17,6
DA:21,4
DA:22,4
DA:26,6
DA:29,6
DA:30,1
DA:33,5
DA:34,1
DA:38,4
DA:40,4
DA:42,4
DA:43,1
DA:45,3
DA:50,1
LF:17
LH:17
BRDA:3,0,0,5
BRDA:29,1,0,1
BRDA:29,1,1,5
BRDA:33,2,0,1
BRDA:33,2,1,4
BRDA:42,3,0,1
BRDA:42,3,1,3
BRF:7
BRH:7
end_of_record
