<?xml version="1.0" encoding="UTF-8"?>
<coverage generated="1627407549318" clover="3.2.0">
  <project timestamp="1627407549318" name="All files">
    <metrics statements="54" coveredstatements="53" conditionals="34" coveredconditionals="31" methods="5" coveredmethods="5" elements="93" coveredelements="89" complexity="0" loc="54" ncloc="54" packages="1" files="1" classes="1"/>
    <file name="mazeRunner.js" path="/Users/floradavies/Projects/gameSeries/mazeRunner/src/mazeRunner.js">
      <metrics statements="54" coveredstatements="53" conditionals="34" coveredconditionals="31" methods="5" coveredmethods="5"/>
      <line num="1" count="1" type="stmt"/>
      <line num="2" count="86" type="stmt"/>
      <line num="4" count="10" type="stmt"/>
      <line num="5" count="20" type="stmt"/>
      <line num="6" count="20" type="stmt"/>
      <line num="7" count="42" type="stmt"/>
      <line num="8" count="42" type="cond" truecount="2" falsecount="0"/>
      <line num="9" count="20" type="stmt"/>
      <line num="10" count="20" type="stmt"/>
      <line num="11" count="20" type="stmt"/>
      <line num="14" count="20" type="stmt"/>
      <line num="30" count="10" type="stmt"/>
      <line num="31" count="13" type="cond" truecount="2" falsecount="0"/>
      <line num="32" count="4" type="cond" truecount="2" falsecount="0"/>
      <line num="33" count="1" type="stmt"/>
      <line num="35" count="3" type="stmt"/>
      <line num="37" count="4" type="stmt"/>
      <line num="41" count="9" type="cond" truecount="2" falsecount="0"/>
      <line num="42" count="2" type="cond" truecount="2" falsecount="0"/>
      <line num="43" count="1" type="stmt"/>
      <line num="45" count="1" type="stmt"/>
      <line num="47" count="2" type="stmt"/>
      <line num="51" count="7" type="cond" truecount="2" falsecount="0"/>
      <line num="52" count="6" type="cond" truecount="2" falsecount="0"/>
      <line num="53" count="1" type="stmt"/>
      <line num="55" count="5" type="stmt"/>
      <line num="57" count="6" type="stmt"/>
      <line num="61" count="1" type="cond" truecount="1" falsecount="1"/>
      <line num="62" count="1" type="cond" truecount="1" falsecount="1"/>
      <line num="63" count="1" type="stmt"/>
      <line num="65" count="0" type="stmt"/>
      <line num="67" count="1" type="stmt"/>
      <line num="71" count="10" type="stmt"/>
      <line num="73" count="10" type="stmt"/>
      <line num="74" count="13" type="stmt"/>
      <line num="75" count="13" type="stmt"/>
      <line num="77" count="13" type="cond" truecount="2" falsecount="0"/>
      <line num="78" count="5" type="stmt"/>
      <line num="79" count="8" type="cond" truecount="2" falsecount="0"/>
      <line num="80" count="3" type="stmt"/>
      <line num="81" count="5" type="cond" truecount="1" falsecount="1"/>
      <line num="82" count="5" type="stmt"/>
      <line num="86" count="10" type="stmt"/>
      <line num="87" count="13" type="cond" truecount="2" falsecount="0"/>
      <line num="88" count="10" type="stmt"/>
      <line num="90" count="13" type="stmt"/>
      <line num="91" count="13" type="stmt"/>
      <line num="92" count="13" type="stmt"/>
      <line num="93" count="13" type="stmt"/>
      <line num="95" count="13" type="cond" truecount="4" falsecount="0"/>
      <line num="96" count="8" type="stmt"/>
      <line num="98" count="5" type="cond" truecount="4" falsecount="0"/>
      <line num="99" count="2" type="stmt"/>
      <line num="104" count="1" type="stmt"/>
    </file>
  </project>
</coverage>
