{"/Users/floradavies/Projects/gameSeries/mazeRunner/src/mazeRunner.js": {"path":"/Users/floradavies/Projects/gameSeries/mazeRunner/src/mazeRunner.js","statementMap":{"0":{"start":{"line":1,"column":19},"end":{"line":116,"column":1}},"1":{"start":{"line":2,"column":23},"end":{"line":2,"column":48}},"2":{"start":{"line":2,"column":36},"end":{"line":2,"column":48}},"3":{"start":{"line":6,"column":27},"end":{"line":17,"column":3}},"4":{"start":{"line":7,"column":4},"end":{"line":7,"column":20}},"5":{"start":{"line":8,"column":4},"end":{"line":15,"column":5}},"6":{"start":{"line":8,"column":17},"end":{"line":8,"column":18}},"7":{"start":{"line":9,"column":6},"end":{"line":9,"column":52}},"8":{"start":{"line":10,"column":6},"end":{"line":14,"column":7}},"9":{"start":{"line":11,"column":8},"end":{"line":11,"column":27}},"10":{"start":{"line":12,"column":8},"end":{"line":12,"column":37}},"11":{"start":{"line":13,"column":8},"end":{"line":13,"column":14}},"12":{"start":{"line":16,"column":4},"end":{"line":16,"column":22}},"13":{"start":{"line":20,"column":2},"end":{"line":20,"column":42}},"14":{"start":{"line":21,"column":2},"end":{"line":21,"column":42}},"15":{"start":{"line":25,"column":21},"end":{"line":30,"column":3}},"16":{"start":{"line":32,"column":17},"end":{"line":40,"column":3}},"17":{"start":{"line":33,"column":4},"end":{"line":39,"column":5}},"18":{"start":{"line":34,"column":6},"end":{"line":34,"column":20}},"19":{"start":{"line":35,"column":11},"end":{"line":39,"column":5}},"20":{"start":{"line":36,"column":6},"end":{"line":36,"column":20}},"21":{"start":{"line":37,"column":11},"end":{"line":39,"column":5}},"22":{"start":{"line":38,"column":6},"end":{"line":38,"column":22}},"23":{"start":{"line":43,"column":2},"end":{"line":59,"column":3}},"24":{"start":{"line":45,"column":4},"end":{"line":49,"column":5}},"25":{"start":{"line":46,"column":6},"end":{"line":46,"column":23}},"26":{"start":{"line":48,"column":6},"end":{"line":48,"column":37}},"27":{"start":{"line":51,"column":4},"end":{"line":51,"column":45}},"28":{"start":{"line":62,"column":2},"end":{"line":78,"column":3}},"29":{"start":{"line":64,"column":4},"end":{"line":68,"column":5}},"30":{"start":{"line":65,"column":6},"end":{"line":65,"column":37}},"31":{"start":{"line":67,"column":6},"end":{"line":67,"column":37}},"32":{"start":{"line":70,"column":4},"end":{"line":70,"column":45}},"33":{"start":{"line":80,"column":2},"end":{"line":96,"column":3}},"34":{"start":{"line":82,"column":4},"end":{"line":86,"column":5}},"35":{"start":{"line":83,"column":6},"end":{"line":83,"column":37}},"36":{"start":{"line":85,"column":6},"end":{"line":85,"column":37}},"37":{"start":{"line":88,"column":4},"end":{"line":88,"column":45}},"38":{"start":{"line":99,"column":2},"end":{"line":115,"column":3}},"39":{"start":{"line":101,"column":4},"end":{"line":105,"column":5}},"40":{"start":{"line":102,"column":6},"end":{"line":102,"column":23}},"41":{"start":{"line":104,"column":6},"end":{"line":104,"column":37}},"42":{"start":{"line":107,"column":4},"end":{"line":107,"column":45}},"43":{"start":{"line":118,"column":0},"end":{"line":118,"column":28}}},"fnMap":{"0":{"name":"(anonymous_0)","decl":{"start":{"line":1,"column":19},"end":{"line":1,"column":20}},"loc":{"start":{"line":1,"column":40},"end":{"line":116,"column":1}},"line":1},"1":{"name":"(anonymous_1)","decl":{"start":{"line":2,"column":23},"end":{"line":2,"column":24}},"loc":{"start":{"line":2,"column":36},"end":{"line":2,"column":48}},"line":2},"2":{"name":"(anonymous_2)","decl":{"start":{"line":6,"column":27},"end":{"line":6,"column":28}},"loc":{"start":{"line":6,"column":37},"end":{"line":17,"column":3}},"line":6},"3":{"name":"(anonymous_3)","decl":{"start":{"line":32,"column":17},"end":{"line":32,"column":18}},"loc":{"start":{"line":32,"column":27},"end":{"line":40,"column":3}},"line":32}},"branchMap":{"0":{"loc":{"start":{"line":10,"column":6},"end":{"line":14,"column":7}},"type":"if","locations":[{"start":{"line":10,"column":6},"end":{"line":14,"column":7}},{"start":{"line":10,"column":6},"end":{"line":14,"column":7}}],"line":10},"1":{"loc":{"start":{"line":33,"column":4},"end":{"line":39,"column":5}},"type":"if","locations":[{"start":{"line":33,"column":4},"end":{"line":39,"column":5}},{"start":{"line":33,"column":4},"end":{"line":39,"column":5}}],"line":33},"2":{"loc":{"start":{"line":35,"column":11},"end":{"line":39,"column":5}},"type":"if","locations":[{"start":{"line":35,"column":11},"end":{"line":39,"column":5}},{"start":{"line":35,"column":11},"end":{"line":39,"column":5}}],"line":35},"3":{"loc":{"start":{"line":37,"column":11},"end":{"line":39,"column":5}},"type":"if","locations":[{"start":{"line":37,"column":11},"end":{"line":39,"column":5}},{"start":{"line":37,"column":11},"end":{"line":39,"column":5}}],"line":37},"4":{"loc":{"start":{"line":43,"column":2},"end":{"line":59,"column":3}},"type":"if","locations":[{"start":{"line":43,"column":2},"end":{"line":59,"column":3}},{"start":{"line":43,"column":2},"end":{"line":59,"column":3}}],"line":43},"5":{"loc":{"start":{"line":45,"column":4},"end":{"line":49,"column":5}},"type":"if","locations":[{"start":{"line":45,"column":4},"end":{"line":49,"column":5}},{"start":{"line":45,"column":4},"end":{"line":49,"column":5}}],"line":45},"6":{"loc":{"start":{"line":62,"column":2},"end":{"line":78,"column":3}},"type":"if","locations":[{"start":{"line":62,"column":2},"end":{"line":78,"column":3}},{"start":{"line":62,"column":2},"end":{"line":78,"column":3}}],"line":62},"7":{"loc":{"start":{"line":64,"column":4},"end":{"line":68,"column":5}},"type":"if","locations":[{"start":{"line":64,"column":4},"end":{"line":68,"column":5}},{"start":{"line":64,"column":4},"end":{"line":68,"column":5}}],"line":64},"8":{"loc":{"start":{"line":80,"column":2},"end":{"line":96,"column":3}},"type":"if","locations":[{"start":{"line":80,"column":2},"end":{"line":96,"column":3}},{"start":{"line":80,"column":2},"end":{"line":96,"column":3}}],"line":80},"9":{"loc":{"start":{"line":82,"column":4},"end":{"line":86,"column":5}},"type":"if","locations":[{"start":{"line":82,"column":4},"end":{"line":86,"column":5}},{"start":{"line":82,"column":4},"end":{"line":86,"column":5}}],"line":82},"10":{"loc":{"start":{"line":99,"column":2},"end":{"line":115,"column":3}},"type":"if","locations":[{"start":{"line":99,"column":2},"end":{"line":115,"column":3}},{"start":{"line":99,"column":2},"end":{"line":115,"column":3}}],"line":99},"11":{"loc":{"start":{"line":101,"column":4},"end":{"line":105,"column":5}},"type":"if","locations":[{"start":{"line":101,"column":4},"end":{"line":105,"column":5}},{"start":{"line":101,"column":4},"end":{"line":105,"column":5}}],"line":101}},"s":{"0":1,"1":8,"2":54,"3":8,"4":16,"5":16,"6":16,"7":30,"8":30,"9":16,"10":16,"11":16,"12":16,"13":8,"14":8,"15":8,"16":8,"17":8,"18":1,"19":7,"20":3,"21":4,"22":4,"23":8,"24":2,"25":1,"26":1,"27":2,"28":6,"29":2,"30":1,"31":1,"32":2,"33":4,"34":3,"35":1,"36":2,"37":3,"38":1,"39":1,"40":1,"41":0,"42":1,"43":1},"f":{"0":8,"1":54,"2":16,"3":8},"b":{"0":[16,14],"1":[1,7],"2":[3,4],"3":[4,0],"4":[2,6],"5":[1,1],"6":[2,4],"7":[1,1],"8":[3,1],"9":[1,2],"10":[1,0],"11":[1,0]},"_coverageSchema":"1a1c01bbd47fc00a2c39e90264f33305004495a9","hash":"120f700b32db3b1b0c8bc867ba7c23c929ae0d7a"}
}
