TN:
SF:src/mazeRunner.js
FN:1,(anonymous_0)
FN:2,(anonymous_1)
FN:4,(anonymous_2)
FN:30,(anonymous_3)
FN:73,(anonymous_4)
FNF:5
FNH:5
FNDA:10,(anonymous_0)
FNDA:86,(anonymous_1)
FNDA:20,(anonymous_2)
FNDA:13,(anonymous_3)
FNDA:13,(anonymous_4)
DA:1,1
DA:2,86
DA:4,10
DA:5,20
DA:6,20
DA:7,42
DA:8,42
DA:9,20
DA:10,20
DA:11,20
DA:14,20
DA:30,10
DA:31,13
DA:32,4
DA:33,1
DA:35,3
DA:37,4
DA:41,9
DA:42,2
DA:43,1
DA:45,1
DA:47,2
DA:51,7
DA:52,6
DA:53,1
DA:55,5
DA:57,6
DA:61,1
DA:62,1
DA:63,1
DA:65,0
DA:67,1
DA:71,10
DA:73,10
DA:74,13
DA:75,13
DA:77,13
DA:78,5
DA:79,8
DA:80,3
DA:81,5
DA:82,5
DA:86,10
DA:87,13
DA:88,10
DA:90,13
DA:91,13
DA:92,13
DA:93,13
DA:95,13
DA:96,8
DA:98,5
DA:99,2
DA:104,1
LF:54
LH:53
BRDA:8,0,0,20
BRDA:8,0,1,22
BRDA:31,1,0,4
BRDA:31,1,1,9
BRDA:32,2,0,1
BRDA:32,2,1,3
BRDA:41,3,0,2
BRDA:41,3,1,7
BRDA:42,4,0,1
BRDA:42,4,1,1
BRDA:51,5,0,6
BRDA:51,5,1,1
BRDA:52,6,0,1
BRDA:52,6,1,5
BRDA:61,7,0,1
BRDA:61,7,1,0
BRDA:62,8,0,1
BRDA:62,8,1,0
BRDA:77,9,0,5
BRDA:77,9,1,8
BRDA:79,10,0,3
BRDA:79,10,1,5
BRDA:81,11,0,5
BRDA:81,11,1,0
BRDA:87,12,0,10
BRDA:87,12,1,3
BRDA:95,13,0,8
BRDA:95,13,1,5
BRDA:95,14,0,13
BRDA:95,14,1,10
BRDA:98,15,0,2
BRDA:98,15,1,3
BRDA:98,16,0,5
BRDA:98,16,1,5
BRF:34
BRH:31
end_of_record
