TN:
SF:src/mazeRunner.js
FN:1,(anonymous_0)
FN:4,(anonymous_1)
FN:13,(anonymous_2)
FN:15,(anonymous_3)
FN:30,(anonymous_4)
FNF:5
FNH:5
FNDA:169,(anonymous_0)
FNDA:11,(anonymous_1)
FNDA:11,(anonymous_2)
FNDA:33,(anonymous_3)
FNDA:30,(anonymous_4)
DA:1,169
DA:4,1
DA:5,11
DA:6,39
DA:7,39
DA:8,11
DA:13,1
DA:15,11
DA:16,33
DA:18,10
DA:20,2
DA:22,13
DA:24,8
DA:30,11
DA:33,30
DA:37,26
DA:38,4
DA:39,2
DA:40,2
DA:41,2
DA:45,11
DA:46,33
DA:47,11
DA:50,33
DA:52,33
DA:53,3
DA:55,30
DA:59,30
DA:60,4
DA:62,26
DA:63,4
DA:68,1
LF:32
LH:32
BRDA:7,0,0,11
BRDA:7,0,1,28
BRDA:16,1,0,10
BRDA:16,1,1,2
BRDA:16,1,2,13
BRDA:16,1,3,8
BRDA:33,2,0,26
BRDA:33,2,1,4
BRDA:34,3,0,30
BRDA:34,3,1,5
BRDA:38,4,0,2
BRDA:38,4,1,2
BRDA:40,5,0,2
BRDA:40,5,1,0
BRDA:46,6,0,11
BRDA:46,6,1,22
BRDA:52,7,0,3
BRDA:52,7,1,30
BRDA:52,8,0,33
BRDA:52,8,1,31
BRDA:59,9,0,4
BRDA:59,9,1,26
BRDA:59,10,0,30
BRDA:59,10,1,28
BRDA:62,11,0,4
BRDA:62,11,1,22
BRDA:62,12,0,26
BRDA:62,12,1,26
BRF:28
BRH:27
end_of_record
